<?xml version="1.0" encoding="UTF-8" ?>
<testsuite failures="0" time="0.252" errors="0" skipped="0" tests="30" name="com.epimorphics.jsonrdf.TestEncoder">
  <properties>
    <property name="java.runtime.name" value="Java(TM) SE Runtime Environment"/>
    <property name="sun.boot.library.path" value="/usr/java/jdk1.7.0_02/jre/lib/amd64"/>
    <property name="java.vm.version" value="22.0-b10"/>
    <property name="java.vm.vendor" value="Oracle Corporation"/>
    <property name="java.vendor.url" value="http://java.oracle.com/"/>
    <property name="path.separator" value=":"/>
    <property name="guice.disable.misplaced.annotation.check" value="true"/>
    <property name="java.vm.name" value="Java HotSpot(TM) 64-Bit Server VM"/>
    <property name="file.encoding.pkg" value="sun.io"/>
    <property name="user.country" value="US"/>
    <property name="sun.java.launcher" value="SUN_STANDARD"/>
    <property name="sun.os.patch.level" value="unknown"/>
    <property name="java.vm.specification.name" value="Java Virtual Machine Specification"/>
    <property name="user.dir" value="/usr/local/elda"/>
    <property name="java.runtime.version" value="1.7.0_02-b13"/>
    <property name="java.awt.graphicsenv" value="sun.awt.X11GraphicsEnvironment"/>
    <property name="java.endorsed.dirs" value="/usr/java/jdk1.7.0_02/jre/lib/endorsed"/>
    <property name="os.arch" value="amd64"/>
    <property name="java.io.tmpdir" value="/tmp"/>
    <property name="line.separator" value="
"/>
    <property name="java.vm.specification.vendor" value="Oracle Corporation"/>
    <property name="os.name" value="Linux"/>
    <property name="classworlds.conf" value="/opt/netbeans-7.1.2/java/maven/bin/m2.conf"/>
    <property name="sun.jnu.encoding" value="ANSI_X3.4-1968"/>
    <property name="java.library.path" value="/usr/lib:/usr/local/lib::/usr/java/packages/lib/amd64:/usr/lib64:/lib64:/lib:/usr/lib"/>
    <property name="java.specification.name" value="Java Platform API Specification"/>
    <property name="java.class.version" value="51.0"/>
    <property name="sun.management.compiler" value="HotSpot 64-Bit Tiered Compilers"/>
    <property name="os.version" value="2.6.18-371.9.1.el5.centos.plus"/>
    <property name="user.home" value="/home/fedora"/>
    <property name="user.timezone" value="Europe/Belfast"/>
    <property name="java.awt.printerjob" value="sun.print.PSPrinterJob"/>
    <property name="file.encoding" value="ANSI_X3.4-1968"/>
    <property name="java.specification.version" value="1.7"/>
    <property name="user.name" value="fedora"/>
    <property name="java.class.path" value="/opt/netbeans-7.1.2/java/maven/boot/plexus-classworlds-2.4.jar"/>
    <property name="java.vm.specification.version" value="1.7"/>
    <property name="sun.arch.data.model" value="64"/>
    <property name="java.home" value="/usr/java/jdk1.7.0_02/jre"/>
    <property name="sun.java.command" value="org.codehaus.plexus.classworlds.launcher.Launcher --fail-at-end install"/>
    <property name="java.specification.vendor" value="Oracle Corporation"/>
    <property name="user.language" value="en"/>
    <property name="awt.toolkit" value="sun.awt.X11.XToolkit"/>
    <property name="java.vm.info" value="mixed mode"/>
    <property name="java.version" value="1.7.0_02"/>
    <property name="java.ext.dirs" value="/usr/java/jdk1.7.0_02/jre/lib/ext:/usr/java/packages/lib/ext"/>
    <property name="securerandom.source" value="file:/dev/./urandom"/>
    <property name="sun.boot.class.path" value="/usr/java/jdk1.7.0_02/jre/lib/resources.jar:/usr/java/jdk1.7.0_02/jre/lib/rt.jar:/usr/java/jdk1.7.0_02/jre/lib/sunrsasign.jar:/usr/java/jdk1.7.0_02/jre/lib/jsse.jar:/usr/java/jdk1.7.0_02/jre/lib/jce.jar:/usr/java/jdk1.7.0_02/jre/lib/charsets.jar:/usr/java/jdk1.7.0_02/jre/classes"/>
    <property name="java.vendor" value="Oracle Corporation"/>
    <property name="maven.home" value="/opt/netbeans-7.1.2/java/maven"/>
    <property name="file.separator" value="/"/>
    <property name="java.vendor.url.bug" value="http://bugreport.sun.com/bugreport/"/>
    <property name="sun.cpu.endian" value="little"/>
    <property name="sun.io.unicode.encoding" value="UnicodeLittle"/>
    <property name="sun.desktop" value="gnome"/>
    <property name="sun.cpu.isalist" value=""/>
  </properties>
  <testcase time="0.001" classname="com.epimorphics.jsonrdf.TestEncoder" name="testNullEncode"/>
  <testcase time="0.005" classname="com.epimorphics.jsonrdf.TestEncoder" name="testSimpleResourceNoLabels"/>
  <testcase time="0.002" classname="com.epimorphics.jsonrdf.TestEncoder" name="testSimpleResourceClash"/>
  <testcase time="0.005" classname="com.epimorphics.jsonrdf.TestEncoder" name="testRDFtype"/>
  <testcase time="0.011" classname="com.epimorphics.jsonrdf.TestEncoder" name="testSimplebNode"/>
  <testcase time="0.017" classname="com.epimorphics.jsonrdf.TestEncoder" name="testMultiRefbNode"/>
  <testcase time="0.004" classname="com.epimorphics.jsonrdf.TestEncoder" name="testSimpleLiterals"/>
  <testcase time="0.003" classname="com.epimorphics.jsonrdf.TestEncoder" name="testMultivalues"/>
  <testcase time="0.005" classname="com.epimorphics.jsonrdf.TestEncoder" name="testResourcesWithLabels"/>
  <testcase time="0.002" classname="com.epimorphics.jsonrdf.TestEncoder" name="testSimpleLists"/>
  <testcase time="0.003" classname="com.epimorphics.jsonrdf.TestEncoder" name="testNestedLists"/>
  <testcase time="0.012" classname="com.epimorphics.jsonrdf.TestEncoder" name="testOntologyNaming"/>
  <testcase time="0.022" classname="com.epimorphics.jsonrdf.TestEncoder" name="testForcedMultivalue"/>
  <testcase time="0.004" classname="com.epimorphics.jsonrdf.TestEncoder" name="testForcedMultivalue2"/>
  <testcase time="0.005" classname="com.epimorphics.jsonrdf.TestEncoder" name="testHide"/>
  <testcase time="0.005" classname="com.epimorphics.jsonrdf.TestEncoder" name="testPropertyBase"/>
  <testcase time="0.033" classname="com.epimorphics.jsonrdf.TestEncoder" name="testResourceBase"/>
  <testcase time="0.004" classname="com.epimorphics.jsonrdf.TestEncoder" name="testResourceList"/>
  <testcase time="0.004" classname="com.epimorphics.jsonrdf.TestEncoder" name="testPropertySorting"/>
  <testcase time="0.004" classname="com.epimorphics.jsonrdf.TestEncoder" name="testTypesDontShorten"/>
  <testcase time="0.047" classname="com.epimorphics.jsonrdf.TestEncoder" name="testLiterals"/>
  <testcase time="0.003" classname="com.epimorphics.jsonrdf.TestEncoder" name="testStructuredLiteralWithLanguage"/>
  <testcase time="0.006" classname="com.epimorphics.jsonrdf.TestEncoder" name="testStructuredLiteralWithType"/>
  <testcase time="0.004" classname="com.epimorphics.jsonrdf.TestEncoder" name="testDateLiteral"/>
  <testcase time="0.003" classname="com.epimorphics.jsonrdf.TestEncoder" name="testUnzonedDateLiteral"/>
  <testcase time="0.003" classname="com.epimorphics.jsonrdf.TestEncoder" name="testZonelessDateLiterals"/>
  <testcase time="0.009" classname="com.epimorphics.jsonrdf.TestEncoder" name="testWholeModels"/>
  <testcase time="0.001" classname="com.epimorphics.jsonrdf.TestEncoder" name="testOddResourceURIs"/>
  <testcase time="0.003" classname="com.epimorphics.jsonrdf.TestEncoder" name="testRecursiveEncoding1"/>
  <testcase time="0.004" classname="com.epimorphics.jsonrdf.TestEncoder" name="testRecursiveEncoding2"/>
</testsuite>